Arguments: 
  C:\Program Files\nodejs\node.exe C:\Users\eunseojo\AppData\Roaming\npm\node_modules\yarn\bin\yarn.js add cross-env --dev

PATH: 
  C:\Program Files (x86)\Intel\Intel(R) Management Engine Components\iCLS\;C:\Program Files\Intel\Intel(R) Management Engine Components\iCLS\;C:\WINDOWS\system32;C:\WINDOWS;C:\WINDOWS\System32\Wbem;C:\WINDOWS\System32\WindowsPowerShell\v1.0\;C:\WINDOWS\System32\OpenSSH\;C:\Program Files (x86)\Intel\Intel(R) Management Engine Components\DAL;C:\Program Files\Intel\Intel(R) Management Engine Components\DAL;C:\Program Files\Microsoft VS Code\bin;C:\mingw64\bin;C:\Program Files\MySQL\MySQL Server 8.0\bin;C:\Program Files\Git\bin\;C:\Program Files\Git\cmd\;C:\Program Files\nodejs\;C:\Users\eunseojo\AppData\Local\Programs\Python\Python311\Scripts\;C:\Users\eunseojo\AppData\Local\Programs\Python\Python311\;C:\Program Files\MySQL\MySQL Shell 8.0\bin\;C:\Users\eunseojo\AppData\Local\Microsoft\WindowsApps;C:\Users\eunseojo\AppData\Roaming\npm

Yarn version: 
  1.22.19

Node version: 
  18.16.0

Platform: 
  win32 x64

Trace: 
  Error: getaddrinfo ENOTFOUND registry.yarnpkg.com
      at GetAddrInfoReqWrap.onlookup [as oncomplete] (node:dns:107:26)

npm manifest: 
  {
    "name": "hack",
    "version": "0.1.0",
    "private": true,
    "dependencies": {
      "@reduxjs/toolkit": "^1.9.5",
      "@testing-library/jest-dom": "^5.17.0",
      "@testing-library/react": "^13.4.0",
      "@testing-library/user-event": "^13.5.0",
      "axios": "^1.4.0",
      "bootstrap": "^5.3.1",
      "jquery": "^3.7.0",
      "react": "^18.2.0",
      "react-dom": "^18.2.0",
      "react-hook-form": "^7.45.4",
      "react-redux": "^8.1.2",
      "react-router-dom": "^6.14.2",
      "react-scripts": "5.0.1",
      "react-toastify": "^9.1.3",
      "redux-persist": "^6.0.0",
      "web-vitals": "^2.1.4"
    },
    "scripts": {
      "start": "react-scripts start",
      "build": "react-scripts build",
      "test": "react-scripts test",
      "eject": "react-scripts eject"
    },
    "eslintConfig": {
      "extends": [
        "react-app",
        "react-app/jest"
      ]
    },
    "browserslist": {
      "production": [
        ">0.2%",
        "not dead",
        "not op_mini all"
      ],
      "development": [
        "last 1 chrome version",
        "last 1 firefox version",
        "last 1 safari version"
      ]
    },
    "devDependencies": {
      "tailwindcss": "^3.3.3"
    }
  }

yarn manifest: 
  No manifest

Lockfile: 
  No lockfile
